2025-07-08 00:09:10.310 Version.<clinit>:21 - HV000001: Hibernate Validator 8.0.0.Final
2025-07-08 00:09:10.356 StartupInfoLogger.logStarting:51 - Starting TamsApplication using Java 17.0.15 with PID 12224 (D:\github_project\server\timetable-server\target\classes started by lenovo in D:\github_project\server\timetable-server)
2025-07-08 00:09:10.357 SpringApplication.logStartupProfileInfo:638 - The following 1 profile is active: "dev"
2025-07-08 00:09:11.822 TomcatWebServer.initialize:108 - Tomcat initialized with port(s): 12010 (http)
2025-07-08 00:09:11.832 DirectJDKLog.log:173 - Initializing ProtocolHandler ["http-nio-12010"]
2025-07-08 00:09:11.833 DirectJDKLog.log:173 - Starting service [Tomcat]
2025-07-08 00:09:11.833 DirectJDKLog.log:173 - Starting Servlet engine: [Apache Tomcat/10.1.8]
2025-07-08 00:09:11.942 DirectJDKLog.log:173 - Initializing Spring embedded WebApplicationContext
2025-07-08 00:09:11.943 ServletWebServerApplicationContext.prepareWebApplicationContext:291 - Root WebApplicationContext: initialization completed in 1545 ms
2025-07-08 00:09:13.432 HikariDataSource.getConnection:110 - HikariPool-1 - Starting...
2025-07-08 00:09:14.755 DirectJDKLog.log:173 - Starting ProtocolHandler ["http-nio-12010"]
2025-07-08 00:09:14.765 DirectJDKLog.log:173 - Pausing ProtocolHandler ["http-nio-12010"]
2025-07-08 00:09:14.765 DirectJDKLog.log:173 - Stopping service [Tomcat]
2025-07-08 00:09:14.770 DirectJDKLog.log:173 - Stopping ProtocolHandler ["http-nio-12010"]
2025-07-08 00:09:14.770 DirectJDKLog.log:173 - Destroying ProtocolHandler ["http-nio-12010"]
2025-07-08 00:09:14.778 ConditionEvaluationReportLogger.logMessage:82 - 

Error starting ApplicationContext. To display the condition evaluation report re-run your application with 'debug' enabled.
2025-07-08 00:11:02.118 Version.<clinit>:21 - HV000001: Hibernate Validator 8.0.0.Final
2025-07-08 00:11:02.149 StartupInfoLogger.logStarting:51 - Starting TamsApplication using Java 17.0.15 with PID 24144 (D:\github_project\server\timetable-server\target\classes started by lenovo in D:\github_project\server\timetable-server)
2025-07-08 00:11:02.150 SpringApplication.logStartupProfileInfo:638 - The following 1 profile is active: "dev"
2025-07-08 00:11:03.630 TomcatWebServer.initialize:108 - Tomcat initialized with port(s): 12010 (http)
2025-07-08 00:11:03.638 DirectJDKLog.log:173 - Initializing ProtocolHandler ["http-nio-12010"]
2025-07-08 00:11:03.639 DirectJDKLog.log:173 - Starting service [Tomcat]
2025-07-08 00:11:03.639 DirectJDKLog.log:173 - Starting Servlet engine: [Apache Tomcat/10.1.8]
2025-07-08 00:11:03.742 DirectJDKLog.log:173 - Initializing Spring embedded WebApplicationContext
2025-07-08 00:11:03.742 ServletWebServerApplicationContext.prepareWebApplicationContext:291 - Root WebApplicationContext: initialization completed in 1549 ms
2025-07-08 00:11:05.448 HikariDataSource.getConnection:110 - HikariPool-1 - Starting...
2025-07-08 00:11:06.828 DirectJDKLog.log:173 - Starting ProtocolHandler ["http-nio-12010"]
2025-07-08 00:11:06.840 DirectJDKLog.log:173 - Pausing ProtocolHandler ["http-nio-12010"]
2025-07-08 00:11:06.842 DirectJDKLog.log:173 - Stopping service [Tomcat]
2025-07-08 00:11:06.848 DirectJDKLog.log:173 - Stopping ProtocolHandler ["http-nio-12010"]
2025-07-08 00:11:06.850 DirectJDKLog.log:173 - Destroying ProtocolHandler ["http-nio-12010"]
2025-07-08 00:11:06.860 ConditionEvaluationReportLogger.logMessage:82 - 

Error starting ApplicationContext. To display the condition evaluation report re-run your application with 'debug' enabled.
2025-07-08 00:23:53.187 Version.<clinit>:21 - HV000001: Hibernate Validator 8.0.0.Final
2025-07-08 00:23:53.224 StartupInfoLogger.logStarting:51 - Starting TamsApplication using Java 17.0.15 with PID 55252 (D:\github_project\server\timetable-server\target\classes started by lenovo in D:\github_project\server\timetable-server)
2025-07-08 00:23:53.225 SpringApplication.logStartupProfileInfo:638 - The following 1 profile is active: "dev"
2025-07-08 00:23:54.736 TomcatWebServer.initialize:108 - Tomcat initialized with port(s): 12010 (http)
2025-07-08 00:23:54.750 DirectJDKLog.log:173 - Initializing ProtocolHandler ["http-nio-12010"]
2025-07-08 00:23:54.751 DirectJDKLog.log:173 - Starting service [Tomcat]
2025-07-08 00:23:54.751 DirectJDKLog.log:173 - Starting Servlet engine: [Apache Tomcat/10.1.8]
2025-07-08 00:23:54.882 DirectJDKLog.log:173 - Initializing Spring embedded WebApplicationContext
2025-07-08 00:23:54.883 ServletWebServerApplicationContext.prepareWebApplicationContext:291 - Root WebApplicationContext: initialization completed in 1621 ms
2025-07-08 00:23:56.500 HikariDataSource.getConnection:110 - HikariPool-1 - Starting...
2025-07-08 00:23:57.845 DirectJDKLog.log:173 - Starting ProtocolHandler ["http-nio-12010"]
2025-07-08 00:23:57.868 TomcatWebServer.start:220 - Tomcat started on port(s): 12010 (http) with context path ''
2025-07-08 00:23:57.875 StartupInfoLogger.logStarted:57 - Started TamsApplication in 5.163 seconds (process running for 5.515)
2025-07-08 00:25:11.016 DirectJDKLog.log:173 - Initializing Spring DispatcherServlet 'dispatcherServlet'
2025-07-08 00:25:11.017 FrameworkServlet.initServletBean:532 - Initializing Servlet 'dispatcherServlet'
2025-07-08 00:25:11.019 FrameworkServlet.initServletBean:554 - Completed initialization in 1 ms
2025-07-08 00:25:11.355 HikariDataSource.getConnection:110 - HikariPool-1 - Starting...
2025-07-08 00:26:06.834 HikariDataSource.getConnection:110 - HikariPool-1 - Starting...
2025-07-08 10:15:00.001 HikariDataSource.getConnection:110 - HikariPool-1 - Starting...
